build/app/outputs/mapping/release/mapping.txt
# compiler: R8
# compiler_version: 2.1.62
# min_api: 21
# pg_map_id: 9ee55fa
# common_typos_disable
...
io.flutter.plugin.localization.LocalizationPlugin$1 -> c.a.c.b.a$a:
    io.flutter.plugin.localization.LocalizationPlugin this$0 -> a
    java.lang.String getStringResource(java.lang.String,java.lang.String) -> a
io.flutter.plugin.mouse.MouseCursorPlugin -> c.a.c.c.a:
    io.flutter.plugin.mouse.MouseCursorPlugin$MouseCursorViewDelegate mView -> a
    io.flutter.embedding.engine.systemchannels.MouseCursorChannel mouseCursorChannel -> b
    java.util.HashMap systemCursorConstants -> c
    android.view.PointerIcon access$000(io.flutter.plugin.mouse.MouseCursorPlugin,java.lang.String) -> a
    io.flutter.plugin.mouse.MouseCursorPlugin$MouseCursorViewDelegate access$100(io.flutter.plugin.mouse.MouseCursorPlugin) -> b
    void destroy() -> c
    android.view.PointerIcon resolveSystemCursor(java.lang.String) -> d
io.flutter.plugin.mouse.MouseCursorPlugin$1 -> c.a.c.c.a$a:
    io.flutter.plugin.mouse.MouseCursorPlugin this$0 -> a
    void activateSystemCursor(java.lang.String) -> a
io.flutter.plugin.mouse.MouseCursorPlugin$2 -> c.a.c.c.a$b:
io.flutter.plugin.mouse.MouseCursorPlugin$MouseCursorViewDelegate -> c.a.c.c.a$c:
    android.view.PointerIcon getSystemPointerIcon(int) -> a
io.flutter.plugin.platform.-$$Lambda$PlatformViewsController$1$e5c3C2OqVHT99mmO_tfarimG9XI -> io.flutter.plugin.platform.a:
    io.flutter.embedding.engine.systemchannels.PlatformViewsChannel$PlatformViewCreationRequest f$1 -> b
    io.flutter.plugin.platform.PlatformViewsController$1 f$0 -> a
io.flutter.plugin.platform.-$$Lambda$PlatformViewsController$mrTTqqceK22Bx_mOvsp7tso--yo -> io.flutter.plugin.platform.b:
    io.flutter.plugin.platform.PlatformViewsController f$0 -> a
io.flutter.plugin.platform.-$$Lambda$PlatformViewsController$w2AODWB0BzvCt5q_c3ufSP3Z0mw -> io.flutter.plugin.platform.c:
    io.flutter.plugin.platform.PlatformViewsController f$0 -> a
    int f$1 -> b
io.flutter.plugin.platform.AccessibilityEventsDelegate -> io.flutter.plugin.platform.d:
    io.flutter.view.AccessibilityBridge accessibilityBridge -> a
    boolean requestSendAccessibilityEvent(android.view.View,android.view.View,android.view.accessibility.AccessibilityEvent) -> a
    void setAccessibilityBridge(io.flutter.view.AccessibilityBridge) -> b
io.flutter.plugin.platform.PlatformPlugin -> io.flutter.plugin.platform.e:
    io.flutter.plugin.platform.PlatformPlugin$PlatformPluginDelegate platformPluginDelegate -> c
    io.flutter.embedding.engine.systemchannels.PlatformChannel$SystemChromeStyle currentTheme -> d
    io.flutter.embedding.engine.systemchannels.PlatformChannel$PlatformMessageHandler mPlatformMessageHandler -> f
    int mEnabledOverlays -> e
    android.app.Activity activity -> a
    io.flutter.embedding.engine.systemchannels.PlatformChannel platformChannel -> b
    void updateSystemUiOverlays() -> A
    void vibrateHapticFeedback(io.flutter.embedding.engine.systemchannels.PlatformChannel$HapticFeedbackType) -> B
    void access$000(io.flutter.plugin.platform.PlatformPlugin,io.flutter.embedding.engine.systemchannels.PlatformChannel$SoundType) -> a
    void access$100(io.flutter.plugin.platform.PlatformPlugin,int) -> b
    void access$1000(io.flutter.plugin.platform.PlatformPlugin,java.lang.String) -> c
    boolean access$1100(io.flutter.plugin.platform.PlatformPlugin) -> d
    io.flutter.embedding.engine.systemchannels.PlatformChannel access$1200(io.flutter.plugin.platform.PlatformPlugin) -> e
    void access$200(io.flutter.plugin.platform.PlatformPlugin,io.flutter.embedding.engine.systemchannels.PlatformChannel$AppSwitcherDescription) -> f
    void access$300(io.flutter.plugin.platform.PlatformPlugin,java.util.List) -> g