build/app/outputs/mapping/release/usage.txt
com.example.untitled.R$mipmap
com.example.untitled.R$color
com.example.untitled.R$drawable
com.example.untitled.R$id
com.example.untitled.R$attr
com.example.untitled.R$dimen
com.example.untitled.R$styleable
com.example.untitled.BuildConfig
com.example.untitled.R$style
com.example.untitled.R$layout
com.example.untitled.R$integer
com.example.untitled.R
com.example.untitled.R$string
...
kotlin.time.TestClock
androidx.core.R$dimen
kotlin.coroutines.experimental.migration.ContextMigration$Key
androidx.core.view.ViewCompat$FocusRealDirection
io.flutter.embedding.engine.FlutterEngineGroup$1
kotlin.io.LinesSequence$iterator$1
io.flutter.embedding.android.FlutterEngineProvider
androidx.core.math.MathUtils
androidx.core.os.TraceCompat
kotlin.sequences.SequencesKt___SequencesJvmKt$filterIsInstance$1
androidx.core.app.JobIntentService$GenericWorkItem
kotlin.ExperimentalStdlibApi
io.flutter.embedding.engine.plugins.shim.ShimPluginRegistry
androidx.core.app.ActivityCompat:
    protected void <init>()
    public static void setPermissionCompatDelegate(androidx.core.app.ActivityCompat$PermissionCompatDelegate)
    public static androidx.core.app.ActivityCompat$PermissionCompatDelegate getPermissionCompatDelegate()
    public static boolean invalidateOptionsMenu(android.app.Activity)
    public static void startActivityForResult(android.app.Activity,android.content.Intent,int,android.os.Bundle)
    public static void startIntentSenderForResult(android.app.Activity,android.content.IntentSender,int,android.content.Intent,int,int,int,android.os.Bundle)
    public static void finishAffinity(android.app.Activity)
    public static void finishAfterTransition(android.app.Activity)
    public static android.net.Uri getReferrer(android.app.Activity)
    public static android.view.View requireViewById(android.app.Activity,int)
    public static void setEnterSharedElementCallback(android.app.Activity,androidx.core.app.SharedElementCallback)
    public static void setExitSharedElementCallback(android.app.Activity,androidx.core.app.SharedElementCallback)
    public static void postponeEnterTransition(android.app.Activity)
    public static void startPostponedEnterTransition(android.app.Activity)
    public static boolean shouldShowRequestPermissionRationale(android.app.Activity,java.lang.String)
kotlin.coroutines.CoroutineContext
androidx.core.provider.SelfDestructiveThread$2$1
androidx.viewpager.widget.PagerTitleStrip$SingleLineAllCapsTransform
kotlin.comparisons.ComparisonsKt___ComparisonsKt
org.intellij.lang.annotations.JdkConstants$TitledBorderTitlePosition
kotlin.collections.unsigned.UArraysKt___UArraysJvmKt
androidx.core.widget.ContentLoadingProgressBar$1
kotlin.collections.AbstractMap$values$1$iterator$1
androidx.viewpager.widget.ViewPager$PagerObserver
androidx.customview.widget.FocusStrategy$CollectionAdapter
androidx.core.view.accessibility.AccessibilityViewCommand
androidx.core.util.ObjectsCompat
android.support.v4.os.ResultReceiver$1
androidx.annotation.WorkerThread
org.jetbrains.annotations.Nullable
kotlin.text.StringsKt__StringsKt$splitToSequence$1
kotlin.coroutines.jvm.internal.CompletedContinuation
io.flutter.plugin.common.PluginRegistry$Registrar
androidx.lifecycle.ViewModelProvider$AndroidViewModelFactory
kotlin.internal.NoInfer
kotlin.ExceptionsKt__ExceptionsKt